app/build/intermediates/manifest_merge_blame_file/debug/processDebugMainManifest/manifest-merger-blame-debug-report.txt
1<?xml version="1.0" encoding="utf-8"?>
2<manifest xmlns:android="http://schemas.android.com/apk/res/android"
3    package="com.example.farmtrade"
4    android:versionCode="1"
5    android:versionName="1.0" >
6
7    <uses-sdk
8        android:minSdkVersion="24"
9        android:targetSdkVersion="34" />
10
11    <uses-permission android:name="android.permission.INTERNET" />
11-->src\main\AndroidManifest.xml:5:5-67
11-->src\main\AndroidManifest.xml:5:22-64
12    <uses-permission android:name="android.permission.READ_EXTERNAL_STORAGE" />
12-->src\main\AndroidManifest.xml:6:5-80
12-->src\main\AndroidManifest.xml:6:22-77
13    <uses-permission android:name="android.permission.WRITE_EXTERNAL_STORAGE" />
13-->src\main\AndroidManifest.xml:7:5-81
13-->src\main\AndroidManifest.xml:7:22-78
14    <uses-permission android:name="android.permission.ACCESS_NETWORK_STATE" />
14-->[com.google.firebase:firebase-auth:22.3.1] AndroidManifest.xml:26:5-79
14-->[com.google.firebase:firebase-auth:22.3.1] AndroidManifest.xml:26:22-76
15    <uses-permission android:name="com.google.android.providers.gsf.permission.READ_GSERVICES" />
15-->[com.google.android.recaptcha:recaptcha:18.4.0] AndroidManifest.xml:9:5-98
15-->[com.google.android.recaptcha:recaptcha:18.4.0] AndroidManifest.xml:9:22-95
16
17    <permission
17-->[androidx.core:core:1.12.0] AndroidManifest.xml:22:5-24:47
18        android:name="com.example.farmtrade.DYNAMIC_RECEIVER_NOT_EXPORTED_PERMISSION"
18-->[androidx.core:core:1.12.0] AndroidManifest.xml:23:9-81
19        android:protectionLevel="signature" />
19-->[androidx.core:core:1.12.0] AndroidManifest.xml:24:9-44
20
21    <uses-permission android:name="com.example.farmtrade.DYNAMIC_RECEIVER_NOT_EXPORTED_PERMISSION" />
21-->[androidx.core:core:1.12.0] AndroidManifest.xml:26:5-97
21-->[androidx.core:core:1.12.0] AndroidManifest.xml:26:22-94
22
23    <application
23-->src\main\AndroidManifest.xml:9:5-31:19
24        android:allowBackup="true"
24-->src\main\AndroidManifest.xml:11:9-35
25        android:appComponentFactory="androidx.core.app.CoreComponentFactory"
25-->[androidx.core:core:1.12.0] AndroidManifest.xml:28:18-86
26        android:dataExtractionRules="@xml/data_extraction_rules"
26-->src\main\AndroidManifest.xml:12:9-65
27        android:debuggable="true"
28        android:enableOnBackInvokedCallback="true"
28-->src\main\AndroidManifest.xml:10:9-51
29        android:extractNativeLibs="false"
30        android:fullBackupContent="@xml/backup_rules"
30-->src\main\AndroidManifest.xml:13:9-54
31        android:icon="@mipmap/ic_launcher"
31-->src\main\AndroidManifest.xml:14:9-43
32        android:label="@string/app_name"
32-->src\main\AndroidManifest.xml:15:9-41
33        android:roundIcon="@mipmap/ic_launcher_round"
33-->src\main\AndroidManifest.xml:16:9-54
34        android:supportsRtl="true"
34-->src\main\AndroidManifest.xml:17:9-35
35        android:testOnly="true"
36        android:theme="@style/Theme.SplashScreen.MySplash"
36-->src\main\AndroidManifest.xml:18:9-59
37        android:usesCleartextTraffic="true" >
37-->src\main\AndroidManifest.xml:19:9-44
38        <activity
38-->src\main\AndroidManifest.xml:21:9-30:20
39            android:name="com.example.farmtrade.ui.MainActivity"
39-->src\main\AndroidManifest.xml:22:13-44
40            android:exported="true"
40-->src\main\AndroidManifest.xml:23:13-36
41            android:theme="@style/Theme.SplashScreen.MySplash"
41-->src\main\AndroidManifest.xml:24:13-63
42            android:windowSoftInputMode="adjustResize" >
42-->src\main\AndroidManifest.xml:25:13-55
43            <intent-filter>
43-->src\main\AndroidManifest.xml:26:13-29:29
44                <action android:name="android.intent.action.MAIN" />
44-->src\main\AndroidManifest.xml:27:17-69
44-->src\main\AndroidManifest.xml:27:25-66
45
46                <category android:name="android.intent.category.LAUNCHER" />
46-->src\main\AndroidManifest.xml:28:17-77
46-->src\main\AndroidManifest.xml:28:27-74
47            </intent-filter>
48        </activity>
49
50        <service
50-->[androidx.room:room-runtime:2.6.1] AndroidManifest.xml:24:9-28:63
51            android:name="androidx.room.MultiInstanceInvalidationService"
51-->[androidx.room:room-runtime:2.6.1] AndroidManifest.xml:25:13-74
52            android:directBootAware="true"
52-->[androidx.room:room-runtime:2.6.1] AndroidManifest.xml:26:13-43
53            android:exported="false" />
53-->[androidx.room:room-runtime:2.6.1] AndroidManifest.xml:27:13-37
54
55        <activity
55-->[com.google.firebase:firebase-auth:22.3.1] AndroidManifest.xml:29:9-46:20
56            android:name="com.google.firebase.auth.internal.GenericIdpActivity"
56-->[com.google.firebase:firebase-auth:22.3.1] AndroidManifest.xml:30:13-80
57            android:excludeFromRecents="true"
57-->[com.google.firebase:firebase-auth:22.3.1] AndroidManifest.xml:31:13-46
58            android:exported="true"
58-->[com.google.firebase:firebase-auth:22.3.1] AndroidManifest.xml:32:13-36
59            android:launchMode="singleTask"
59-->[com.google.firebase:firebase-auth:22.3.1] AndroidManifest.xml:33:13-44
60            android:theme="@android:style/Theme.Translucent.NoTitleBar" >
60-->[com.google.firebase:firebase-auth:22.3.1] AndroidManifest.xml:34:13-72
61            <intent-filter>
61-->[com.google.firebase:firebase-auth:22.3.1] AndroidManifest.xml:35:13-45:29
62                <action android:name="android.intent.action.VIEW" />
62-->[com.google.firebase:firebase-auth:22.3.1] AndroidManifest.xml:36:17-69
62-->[com.google.firebase:firebase-auth:22.3.1] AndroidManifest.xml:36:25-66
63
64                <category android:name="android.intent.category.DEFAULT" />
64-->[com.google.firebase:firebase-auth:22.3.1] AndroidManifest.xml:38:17-76
64-->[com.google.firebase:firebase-auth:22.3.1] AndroidManifest.xml:38:27-73
65                <category android:name="android.intent.category.BROWSABLE" />
65-->[com.google.firebase:firebase-auth:22.3.1] AndroidManifest.xml:39:17-78
65-->[com.google.firebase:firebase-auth:22.3.1] AndroidManifest.xml:39:27-75
66
67                <data
67-->[com.google.firebase:firebase-auth:22.3.1] AndroidManifest.xml:41:17-44:51
68                    android:host="firebase.auth"
68-->[com.google.firebase:firebase-auth:22.3.1] AndroidManifest.xml:42:21-49
69                    android:path="/"
69-->[com.google.firebase:firebase-auth:22.3.1] AndroidManifest.xml:43:21-37
70                    android:scheme="genericidp" />
70-->[com.google.firebase:firebase-auth:22.3.1] AndroidManifest.xml:44:21-48
71            </intent-filter>
72        </activity>
73        <activity
73-->[com.google.firebase:firebase-auth:22.3.1] AndroidManifest.xml:47:9-64:20
74            android:name="com.google.firebase.auth.internal.RecaptchaActivity"
74-->[com.google.firebase:firebase-auth:22.3.1] AndroidManifest.xml:48:13-79
75            android:excludeFromRecents="true"
75-->[com.google.firebase:firebase-auth:22.3.1] AndroidManifest.xml:49:13-46
76            android:exported="true"
76-->[com.google.firebase:firebase-auth:22.3.1] AndroidManifest.xml:50:13-36
77            android:launchMode="singleTask"
77-->[com.google.firebase:firebase-auth:22.3.1] AndroidManifest.xml:51:13-44
78            android:theme="@android:style/Theme.Translucent.NoTitleBar" >
78-->[com.google.firebase:firebase-auth:22.3.1] AndroidManifest.xml:52:13-72
79            <intent-filter>
79-->[com.google.firebase:firebase-auth:22.3.1] AndroidManifest.xml:53:13-63:29
80                <action android:name="android.intent.action.VIEW" />
80-->[com.google.firebase:firebase-auth:22.3.1] AndroidManifest.xml:36:17-69
80-->[com.google.firebase:firebase-auth:22.3.1] AndroidManifest.xml:36:25-66
81
82                <category android:name="android.intent.category.DEFAULT" />
82-->[com.google.firebase:firebase-auth:22.3.1] AndroidManifest.xml:38:17-76
82-->[com.google.firebase:firebase-auth:22.3.1] AndroidManifest.xml:38:27-73
83                <category android:name="android.intent.category.BROWSABLE" />
83-->[com.google.firebase:firebase-auth:22.3.1] AndroidManifest.xml:39:17-78
83-->[com.google.firebase:firebase-auth:22.3.1] AndroidManifest.xml:39:27-75
84
85                <data
85-->[com.google.firebase:firebase-auth:22.3.1] AndroidManifest.xml:41:17-44:51
86                    android:host="firebase.auth"
86-->[com.google.firebase:firebase-auth:22.3.1] AndroidManifest.xml:42:21-49
87                    android:path="/"
87-->[com.google.firebase:firebase-auth:22.3.1] AndroidManifest.xml:43:21-37
88                    android:scheme="recaptcha" />
88-->[com.google.firebase:firebase-auth:22.3.1] AndroidManifest.xml:44:21-48
89            </intent-filter>
90        </activity>
91
92        <service
92-->[com.google.firebase:firebase-auth:22.3.1] AndroidManifest.xml:66:9-72:19
93            android:name="com.google.firebase.components.ComponentDiscoveryService"
93-->[com.google.firebase:firebase-auth:22.3.1] AndroidManifest.xml:67:13-84
94            android:directBootAware="true"
94-->[com.google.firebase:firebase-common:20.4.3] AndroidManifest.xml:32:13-43
95            android:exported="false" >
95-->[com.google.firebase:firebase-auth:22.3.1] AndroidManifest.xml:68:13-37
96            <meta-data
96-->[com.google.firebase:firebase-auth:22.3.1] AndroidManifest.xml:69:13-71:85
97                android:name="com.google.firebase.components:com.google.firebase.auth.FirebaseAuthRegistrar"
97-->[com.google.firebase:firebase-auth:22.3.1] AndroidManifest.xml:70:17-109
98                android:value="com.google.firebase.components.ComponentRegistrar" />
98-->[com.google.firebase:firebase-auth:22.3.1] AndroidManifest.xml:71:17-82
99            <meta-data
99-->[com.google.firebase:firebase-firestore:24.11.1] AndroidManifest.xml:17:13-19:85
100                android:name="com.google.firebase.components:com.google.firebase.firestore.FirebaseFirestoreKtxRegistrar"
100-->[com.google.firebase:firebase-firestore:24.11.1] AndroidManifest.xml:18:17-122
101                android:value="com.google.firebase.components.ComponentRegistrar" />
101-->[com.google.firebase:firebase-firestore:24.11.1] AndroidManifest.xml:19:17-82
102            <meta-data
102-->[com.google.firebase:firebase-firestore:24.11.1] AndroidManifest.xml:20:13-22:85
103                android:name="com.google.firebase.components:com.google.firebase.firestore.FirestoreRegistrar"
103-->[com.google.firebase:firebase-firestore:24.11.1] AndroidManifest.xml:21:17-111
104                android:value="com.google.firebase.components.ComponentRegistrar" />
104-->[com.google.firebase:firebase-firestore:24.11.1] AndroidManifest.xml:22:17-82
105            <meta-data
105-->[com.google.firebase:firebase-common-ktx:20.4.3] AndroidManifest.xml:12:13-14:85
106                android:name="com.google.firebase.components:com.google.firebase.ktx.FirebaseCommonLegacyRegistrar"
106-->[com.google.firebase:firebase-common-ktx:20.4.3] AndroidManifest.xml:13:17-116
107                android:value="com.google.firebase.components.ComponentRegistrar" />
107-->[com.google.firebase:firebase-common-ktx:20.4.3] AndroidManifest.xml:14:17-82
108            <meta-data
108-->[com.google.firebase:firebase-common:20.4.3] AndroidManifest.xml:35:13-37:85
109                android:name="com.google.firebase.components:com.google.firebase.FirebaseCommonKtxRegistrar"
109-->[com.google.firebase:firebase-common:20.4.3] AndroidManifest.xml:36:17-109
110                android:value="com.google.firebase.components.ComponentRegistrar" />
110-->[com.google.firebase:firebase-common:20.4.3] AndroidManifest.xml:37:17-82
111        </service>
112
113        <activity
113-->[com.google.android.gms:play-services-base:18.0.1] AndroidManifest.xml:20:9-22:45
114            android:name="com.google.android.gms.common.api.GoogleApiActivity"
114-->[com.google.android.gms:play-services-base:18.0.1] AndroidManifest.xml:20:19-85
115            android:exported="false"
115-->[com.google.android.gms:play-services-base:18.0.1] AndroidManifest.xml:22:19-43
116            android:theme="@android:style/Theme.Translucent.NoTitleBar" />
116-->[com.google.android.gms:play-services-base:18.0.1] AndroidManifest.xml:21:19-78
117
118        <provider
118-->[com.google.firebase:firebase-common:20.4.3] AndroidManifest.xml:23:9-28:39
119            android:name="com.google.firebase.provider.FirebaseInitProvider"
119-->[com.google.firebase:firebase-common:20.4.3] AndroidManifest.xml:24:13-77
120            android:authorities="com.example.farmtrade.firebaseinitprovider"
120-->[com.google.firebase:firebase-common:20.4.3] AndroidManifest.xml:25:13-72
121            android:directBootAware="true"
121-->[com.google.firebase:firebase-common:20.4.3] AndroidManifest.xml:26:13-43
122            android:exported="false"
122-->[com.google.firebase:firebase-common:20.4.3] AndroidManifest.xml:27:13-37
123            android:initOrder="100" />
123-->[com.google.firebase:firebase-common:20.4.3] AndroidManifest.xml:28:13-36
124
125        <activity
125-->[androidx.compose.ui:ui-test-manifest:1.6.3] AndroidManifest.xml:23:9-25:39
126            android:name="androidx.activity.ComponentActivity"
126-->[androidx.compose.ui:ui-test-manifest:1.6.3] AndroidManifest.xml:24:13-63
127            android:exported="true" />
127-->[androidx.compose.ui:ui-test-manifest:1.6.3] AndroidManifest.xml:25:13-36
128        <activity
128-->[androidx.compose.ui:ui-tooling-android:1.6.3] AndroidManifest.xml:23:9-25:39
129            android:name="androidx.compose.ui.tooling.PreviewActivity"
129-->[androidx.compose.ui:ui-tooling-android:1.6.3] AndroidManifest.xml:24:13-71
130            android:exported="true" />
130-->[androidx.compose.ui:ui-tooling-android:1.6.3] AndroidManifest.xml:25:13-36
131
132        <provider
132-->[androidx.emoji2:emoji2:1.3.0] AndroidManifest.xml:24:9-32:20
133            android:name="androidx.startup.InitializationProvider"
133-->[androidx.emoji2:emoji2:1.3.0] AndroidManifest.xml:25:13-67
134            android:authorities="com.example.farmtrade.androidx-startup"
134-->[androidx.emoji2:emoji2:1.3.0] AndroidManifest.xml:26:13-68
135            android:exported="false" >
135-->[androidx.emoji2:emoji2:1.3.0] AndroidManifest.xml:27:13-37
136            <meta-data
136-->[androidx.emoji2:emoji2:1.3.0] AndroidManifest.xml:29:13-31:52
137                android:name="androidx.emoji2.text.EmojiCompatInitializer"
137-->[androidx.emoji2:emoji2:1.3.0] AndroidManifest.xml:30:17-75
138                android:value="androidx.startup" />
138-->[androidx.emoji2:emoji2:1.3.0] AndroidManifest.xml:31:17-49
139            <meta-data
139-->[androidx.lifecycle:lifecycle-process:2.7.0] AndroidManifest.xml:29:13-31:52
140                android:name="androidx.lifecycle.ProcessLifecycleInitializer"
140-->[androidx.lifecycle:lifecycle-process:2.7.0] AndroidManifest.xml:30:17-78
141                android:value="androidx.startup" />
141-->[androidx.lifecycle:lifecycle-process:2.7.0] AndroidManifest.xml:31:17-49
142            <meta-data
142-->[androidx.profileinstaller:profileinstaller:1.3.1] AndroidManifest.xml:29:13-31:52
143                android:name="androidx.profileinstaller.ProfileInstallerInitializer"
143-->[androidx.profileinstaller:profileinstaller:1.3.1] AndroidManifest.xml:30:17-85
144                android:value="androidx.startup" />
144-->[androidx.profileinstaller:profileinstaller:1.3.1] AndroidManifest.xml:31:17-49
145        </provider>
146
147        <uses-library
147-->[androidx.window:window:1.0.0] AndroidManifest.xml:25:9-27:40
148            android:name="androidx.window.extensions"
148-->[androidx.window:window:1.0.0] AndroidManifest.xml:26:13-54
149            android:required="false" />
149-->[androidx.window:window:1.0.0] AndroidManifest.xml:27:13-37
150        <uses-library
150-->[androidx.window:window:1.0.0] AndroidManifest.xml:28:9-30:40
151            android:name="androidx.window.sidecar"
151-->[androidx.window:window:1.0.0] AndroidManifest.xml:29:13-51
152            android:required="false" />
152-->[androidx.window:window:1.0.0] AndroidManifest.xml:30:13-37
153
154        <meta-data
154-->[com.google.android.gms:play-services-basement:18.3.0] AndroidManifest.xml:21:9-23:69
155            android:name="com.google.android.gms.version"
155-->[com.google.android.gms:play-services-basement:18.3.0] AndroidManifest.xml:22:13-58
156            android:value="@integer/google_play_services_version" />
156-->[com.google.android.gms:play-services-basement:18.3.0] AndroidManifest.xml:23:13-66
157
158        <receiver
158-->[androidx.profileinstaller:profileinstaller:1.3.1] AndroidManifest.xml:34:9-52:20
159            android:name="androidx.profileinstaller.ProfileInstallReceiver"
159-->[androidx.profileinstaller:profileinstaller:1.3.1] AndroidManifest.xml:35:13-76
160            android:directBootAware="false"
160-->[androidx.profileinstaller:profileinstaller:1.3.1] AndroidManifest.xml:36:13-44
161            android:enabled="true"
161-->[androidx.profileinstaller:profileinstaller:1.3.1] AndroidManifest.xml:37:13-35
162            android:exported="true"
162-->[androidx.profileinstaller:profileinstaller:1.3.1] AndroidManifest.xml:38:13-36
163            android:permission="android.permission.DUMP" >
163-->[androidx.profileinstaller:profileinstaller:1.3.1] AndroidManifest.xml:39:13-57
164            <intent-filter>
164-->[androidx.profileinstaller:profileinstaller:1.3.1] AndroidManifest.xml:40:13-42:29
165                <action android:name="androidx.profileinstaller.action.INSTALL_PROFILE" />
165-->[androidx.profileinstaller:profileinstaller:1.3.1] AndroidManifest.xml:41:17-91
165-->[androidx.profileinstaller:profileinstaller:1.3.1] AndroidManifest.xml:41:25-88
166            </intent-filter>
167            <intent-filter>
167-->[androidx.profileinstaller:profileinstaller:1.3.1] AndroidManifest.xml:43:13-45:29
168                <action android:name="androidx.profileinstaller.action.SKIP_FILE" />
168-->[androidx.profileinstaller:profileinstaller:1.3.1] AndroidManifest.xml:44:17-85
168-->[androidx.profileinstaller:profileinstaller:1.3.1] AndroidManifest.xml:44:25-82
169            </intent-filter>
170            <intent-filter>
170-->[androidx.profileinstaller:profileinstaller:1.3.1] AndroidManifest.xml:46:13-48:29
171                <action android:name="androidx.profileinstaller.action.SAVE_PROFILE" />
171-->[androidx.profileinstaller:profileinstaller:1.3.1] AndroidManifest.xml:47:17-88
171-->[androidx.profileinstaller:profileinstaller:1.3.1] AndroidManifest.xml:47:25-85
172            </intent-filter>
173            <intent-filter>
173-->[androidx.profileinstaller:profileinstaller:1.3.1] AndroidManifest.xml:49:13-51:29
174                <action android:name="androidx.profileinstaller.action.BENCHMARK_OPERATION" />
174-->[androidx.profileinstaller:profileinstaller:1.3.1] AndroidManifest.xml:50:17-95
174-->[androidx.profileinstaller:profileinstaller:1.3.1] AndroidManifest.xml:50:25-92
175            </intent-filter>
176        </receiver>
177    </application>
178
179</manifest>